<?xml version="1.0" encoding="UTF-8"?>
<testng-results ignored="0" total="2" passed="2" failed="0" skipped="0">
  <reporter-output>
  </reporter-output>
  <suite started-at="2024-03-26T09:38:09 PDT" name="Default suite" finished-at="2024-03-26T09:38:31 PDT" duration-ms="22134">
    <groups>
    </groups>
    <test started-at="2024-03-26T09:38:09 PDT" name="Default test" finished-at="2024-03-26T09:38:31 PDT" duration-ms="22134">
      <class name="com.ws.testcase.TestLoginPage">
        <test-method signature="testLoginFunction()[pri:0, instance:com.ws.testcase.TestLoginPage@7e057f43]" started-at="2024-03-26T09:38:09 PDT" name="testLoginFunction" finished-at="2024-03-26T09:38:22 PDT" duration-ms="12297" status="PASS">
          <reporter-output>
          </reporter-output>
        </test-method> <!-- testLoginFunction -->
        <test-method signature="testLoginPageTitle()[pri:0, instance:com.ws.testcase.TestLoginPage@7e057f43]" started-at="2024-03-26T09:38:22 PDT" name="testLoginPageTitle" finished-at="2024-03-26T09:38:31 PDT" duration-ms="9729" status="PASS">
          <reporter-output>
          </reporter-output>
        </test-method> <!-- testLoginPageTitle -->
      </class> <!-- com.ws.testcase.TestLoginPage -->
    </test> <!-- Default test -->
  </suite> <!-- Default suite -->
</testng-results>
